<?xml version="1.0" encoding="UTF-8"?>
<!-- Generated by org.testng.reporters.JUnitReportReporter -->
<testsuite hostname="TL0017" failures="0" tests="1" name="learnSelenium.Basicxpath" time="30.501" errors="0" timestamp="2022-05-25T14:56:03 IST" skipped="0">
  <testcase classname="learnSelenium.Basicxpath" name="main" time="30.501"/>
  <system-out/>
</testsuite> <!-- learnSelenium.Basicxpath -->
