<?xml version="1.0" encoding="UTF-8"?>
<!-- Generated by org.testng.reporters.JUnitReportReporter -->
<testsuite hostname="TL0017" failures="0" tests="1" name="week6.day1.NewTest" time="0.200" errors="0" timestamp="2022-05-25T18:55:42 IST" skipped="0">
  <testcase classname="week6.day1.NewTest" name="SampleTest" time="0.200"/>
  <system-out/>
</testsuite> <!-- week6.day1.NewTest -->
