<?xml version="1.0" encoding="UTF-8"?>
<!-- Generated by org.testng.reporters.JUnitReportReporter -->
<testsuite hostname="TL0017" failures="0" tests="1" name="learnSelenium.ChildClass" time="0.051" errors="0" timestamp="2022-05-25T14:54:25 IST" skipped="0">
  <testcase classname="learnSelenium.ChildClass" name="testCase" time="0.051"/>
  <system-out/>
</testsuite> <!-- learnSelenium.ChildClass -->
