<?xml version="1.0" encoding="UTF-8"?>
<!-- Generated by org.testng.reporters.JUnitReportReporter -->
<testsuite hostname="TL0017" failures="0" tests="1" name="learnSelenium.TestngnewVersion" time="0.014" errors="0" timestamp="2022-05-25T13:34:37 IST" skipped="0">
  <testcase classname="learnSelenium.TestngnewVersion" name="SampleTest" time="0.014"/>
  <system-out/>
</testsuite> <!-- learnSelenium.TestngnewVersion -->
