<?xml version="1.0" encoding="UTF-8"?>
<!-- Generated by org.testng.reporters.JUnitReportReporter -->
<testsuite hostname="TL0017" failures="0" tests="2" name="week6.day1.NewTest2" time="0.255" errors="0" timestamp="2022-05-25T18:55:42 IST" skipped="0">
  <testcase classname="week6.day1.NewTest2" name="beforeMethod" time="0.034"/>
  <system-out/>
  <testcase classname="week6.day1.NewTest2" name="test2" time="0.221"/>
  <system-out/>
</testsuite> <!-- week6.day1.NewTest2 -->
