<?xml version="1.0" encoding="UTF-8"?>
<!-- Generated by org.testng.reporters.JUnitReportReporter -->
<testsuite hostname="TL0017" failures="0" tests="1" name="targetLocators.testcase.CreateLead" time="116.349" errors="0" timestamp="2022-05-25T19:28:29 IST" skipped="0">
  <testcase classname="targetLocators.testcase.CreateLead" name="createLead" time="116.349"/>
  <system-out/>
</testsuite> <!-- targetLocators.testcase.CreateLead -->
