<?xml version="1.0" encoding="UTF-8"?>
<!-- Generated by org.testng.reporters.JUnitReportReporter -->
<testsuite hostname="TL0017" failures="0" tests="2" name="learnSelenium.NewTest" time="0.463" errors="0" timestamp="2022-05-25T14:56:03 IST" skipped="0">
  <testcase classname="learnSelenium.NewTest" name="test" time="0.289"/>
  <system-out/>
  <testcase classname="learnSelenium.NewTest" name="test2" time="0.174"/>
  <system-out/>
</testsuite> <!-- learnSelenium.NewTest -->
