<?xml version="1.0" encoding="UTF-8"?>
<!-- Generated by org.testng.reporters.JUnitReportReporter -->
<testsuite hostname="TL0017" failures="0" tests="2" name="targetLocators.testcase.DeleteLead" time="0.000" errors="0" timestamp="2022-05-25T19:30:58 IST" skipped="2">
  <testcase classname="targetLocators.testcase.DeleteLead" name="createLead" time="0.000">
    <skipped/>
  </testcase> <!-- createLead -->
  <system-out/>
  <testcase classname="targetLocators.testcase.DeleteLead" name="deleteLead" time="0.000">
    <skipped/>
  </testcase> <!-- deleteLead -->
  <system-out/>
</testsuite> <!-- targetLocators.testcase.DeleteLead -->
